********************************************************************************
DUPLICATOR-LITE PACKAGE-LOG: July 12, 2020 7:37 am
NOTICE: Do NOT post to public sites or forums 
********************************************************************************
VERSION:	1.3.36
WORDPRESS:	5.4.2
PHP INFO:	7.4.7 | SAPI: apache2handler
SERVER:		Apache 
PHP TIME LIMIT: (0) no time limit imposed 
PHP MAX MEMORY: 4294967296 (512M default) 
MEMORY STACK: 4MB

********************************************************************************
DATABASE:
********************************************************************************
BUILD MODE:   MYSQLDUMP
MYSQLTIMEOUT: 5000
MYSQLDUMP:    Is Supported
[PHP ERR][NOTICE] MSG:Only variables should be passed by reference [CODE:8|FILE:C:\Bitnami\wordpress-5.4.2-1\apps\wordpress\htdocs\wp-content\plugins\duplicator\classes\package\class.pack.database.php|LINE:367]
do_action('wp_ajax_duplicator_package_build'), WP_Hook->do_action, WP_Hook->apply_filters, duplicator_package_build, DUP_Package->runZipBuild, DUP_Database->build, DUP_Database->mysqlDump, DUP_Handler::error, DUP_Handler::getMessage
SQL CREATED: 20200712_hearthboundpodcast_ae60d8bd441cc9e03407_20200712073725_database.sql
SQL FILE SIZE: 4.64MB (4867940)
SQL FILE TIME: 2020-07-12 07:37:51
SQL RUNTIME: 4.42 sec.

********************************************************************************
ARCHIVE (ZIP):
********************************************************************************
ARCHIVE DIR:  C:/Bitnami/wordpress-5.4.2-1/apps/wordpress/htdocs
ARCHIVE FILE: 20200712_hearthboundpodcast_ae60d8bd441cc9e03407_20200712073725_archive.zip
FILTERS: *OFF*
DIRS:
	not set
FILES:
	not set
EXTS:  not set
----------------------------------------
COMPRESSING
SIZE:	189.85MB
STATS:	Dirs 1,660 | Files 9,537
SQL ADDED: 20200712_hearthboundpodcast_ae60d8bd441cc9e03407_20200712073725_database.sql
ZipArchive Object
(
    [status] => 0
    [statusSys] => 0
    [numFiles] => 11197
    [filename] => C:\Bitnami\wordpress-5.4.2-1\apps\wordpress\htdocs\wp-content\backups-dup-lite\tmp\20200712_hearthboundpodcast_ae60d8bd441cc9e03407_20200712073725_archive.zip
    [comment] => 
)

FILE ADDED TO ZIP: 11196
COMPRESSION RESULT: '1'
COMPRESSED SIZE: 80.57MB
ARCHIVE RUNTIME: 36.82 sec.
MEMORY STACK: 8MB
building installer
add_extra_files1
add_extra_files2
add_extra_files3
add_extra_files4
Doing archive file check
add_extra_files5
add_extra_files6
add_extra_files8
Successfully opened zip C:/Bitnami/wordpress-5.4.2-1/apps/wordpress/htdocs/wp-content/backups-dup-lite/tmp/20200712_hearthboundpodcast_ae60d8bd441cc9e03407_20200712073725_archive.zip
Adding enhanced installer files to archive using ZipArchive
Installer files added to archive
Added to archive
After ziparchive close when adding installer

********************************************************************************
INTEGRITY CHECKS:
********************************************************************************
SQL FILE: 4.64MB
INSTALLER FILE: 61.32KB
ARCHIVE FILE: 82.1MB 
EXPECTED FILE/DIRECTORY COUNT: 11,197
ACTUAL FILE/DIRECTORY COUNT: 11,196
ARCHIVE CONSISTENCY TEST: Pass

********************************************************************************
RECORD ID:[1]
TOTAL PROCESS RUNTIME: 42.89 sec.
PEAK PHP MEMORY USED: 12MB
DONE PROCESSING => 20200712_hearthboundpodcast July 12, 2020 7:38 am

